\BOOKMARK [1][-]{section.1}{\376\377\000I\000n\000t\000r\000o\000d\000u\000c\000t\000i\000o\000n}{}% 1
\BOOKMARK [1][-]{section.2}{\376\377\000P\000e\000r\000s\000o\000n\000a\000l\000\040\000M\000o\000t\000i\000v\000a\000t\000i\000o\000n}{}% 2
\BOOKMARK [1][-]{section.3}{\376\377\000L\000i\000t\000e\000r\000a\000t\000u\000r\000e\000\040\000R\000e\000v\000i\000e\000w}{}% 3
\BOOKMARK [2][-]{subsection.3.1}{\376\377\000G\000e\000n\000e\000r\000a\000l\000\040\000S\000o\000f\000t\000w\000a\000r\000e\000\040\000C\000o\000n\000s\000i\000d\000e\000r\000a\000t\000i\000o\000n\000s}{section.3}% 4
\BOOKMARK [1][-]{section.4}{\376\377\000M\000e\000t\000h\000o\000d\000o\000l\000o\000g\000y}{}% 5
\BOOKMARK [2][-]{subsection.4.1}{\376\377\000D\000r\000o\000n\000e\000\040\000O\000v\000e\000r\000v\000i\000e\000w}{section.4}% 6
\BOOKMARK [2][-]{subsection.4.2}{\376\377\000p\000a\000r\000t\000s}{section.4}% 7
\BOOKMARK [3][-]{subsubsection.4.2.1}{\376\377\000F\000c}{subsection.4.2}% 8
\BOOKMARK [3][-]{subsubsection.4.2.2}{\376\377\000E\000S\000C}{subsection.4.2}% 9
\BOOKMARK [3][-]{subsubsection.4.2.3}{\376\377\000M\000o\000t\000o\000r}{subsection.4.2}% 10
\BOOKMARK [3][-]{subsubsection.4.2.4}{\376\377\000B\000a\000t\000t\000e\000r\000y}{subsection.4.2}% 11
\BOOKMARK [3][-]{subsubsection.4.2.5}{\376\377\000G\000N\000S\000S\000\050\000G\000l\000o\000b\000a\000l\000\040\000N\000a\000v\000i\000g\000a\000t\000i\000o\000n\000\040\000S\000a\000t\000e\000l\000l\000i\000t\000e\000\040\000S\000y\000s\000t\000e\000m\000\051\000/\000C\000o\000m\000p\000a\000s\000s}{subsection.4.2}% 12
\BOOKMARK [3][-]{subsubsection.4.2.6}{\376\377\000R\000a\000d\000i\000o\000/\000T\000r\000a\000n\000s\000m\000i\000t\000t\000e\000r}{subsection.4.2}% 13
\BOOKMARK [3][-]{subsubsection.4.2.7}{\376\377\000S\000m\000o\000k\000e\000\040\000S\000t\000o\000p\000p\000e\000r}{subsection.4.2}% 14
\BOOKMARK [3][-]{subsubsection.4.2.8}{\376\377\000P\000r\000o\000b\000l\000e\000m\000s\000\040\000w\000i\000t\000h\000\040\000t\000h\000e\000\040\000P\000a\000r\000t\000s}{subsection.4.2}% 15
\BOOKMARK [3][-]{subsubsection.4.2.9}{\376\377\000P\000r\000o\000p\000e\000l\000l\000e\000r\000s\000\040\000a\000n\000d\000\040\000B\000a\000t\000t\000e\000r\000y\000\040\000C\000h\000a\000r\000g\000e\000r}{subsection.4.2}% 16
\BOOKMARK [3][-]{subsubsection.4.2.10}{\376\377\000D\000a\000t\000a\000\040\000T\000r\000a\000n\000s\000f\000e\000r\000\040\000P\000r\000o\000t\000o\000c\000o\000l\000s}{subsection.4.2}% 17
\BOOKMARK [2][-]{subsection.4.3}{\376\377\000m\000e\000c\000h\000a\000n\000i\000c\000a\000l\000\040\000w\000o\000r\000k}{section.4}% 18
\BOOKMARK [2][-]{subsection.4.4}{\376\377\000a\000r\000d\000u\000p\000i\000l\000o\000t}{section.4}% 19
\BOOKMARK [3][-]{subsubsection.4.4.1}{\376\377\000G\000r\000o\000u\000n\000d\000\040\000S\000t\000a\000t\000i\000o\000n}{subsection.4.4}% 20
\BOOKMARK [3][-]{subsubsection.4.4.2}{\376\377\000F\000i\000r\000m\000w\000a\000r\000e\000\040\000I\000n\000s\000t\000a\000l\000l\000a\000t\000i\000o\000n}{subsection.4.4}% 21
\BOOKMARK [3][-]{subsubsection.4.4.3}{\376\377\000G\000P\000S\000\040\000C\000o\000n\000n\000e\000c\000t\000i\000o\000n}{subsection.4.4}% 22
\BOOKMARK [3][-]{subsubsection.4.4.4}{\376\377\000R\000e\000c\000e\000i\000v\000e\000r\000/\000T\000r\000a\000n\000s\000m\000i\000t\000t\000e\000r}{subsection.4.4}% 23
\BOOKMARK [3][-]{subsubsection.4.4.5}{\376\377\000M\000o\000t\000o\000r\000\040\000T\000e\000s\000t}{subsection.4.4}% 24
\BOOKMARK [3][-]{subsubsection.4.4.6}{\376\377\000C\000o\000m\000p\000a\000s\000s\000\040\000C\000a\000l\000i\000b\000r\000a\000t\000i\000o\000n}{subsection.4.4}% 25
\BOOKMARK [3][-]{subsubsection.4.4.7}{\376\377\000R\000o\000a\000d\000\040\000t\000o\000\040\000F\000i\000r\000s\000t\000\040\000F\000l\000i\000g\000h\000t}{subsection.4.4}% 26
\BOOKMARK [3][-]{subsubsection.4.4.8}{\376\377\000R\000a\000s\000p\000b\000e\000r\000r\000y\000P\000i\000\040\000S\000e\000t\000u\000p}{subsection.4.4}% 27
\BOOKMARK [3][-]{subsubsection.4.4.9}{\376\377\000M\000a\000v\000P\000r\000o\000x\000y\000\040\000I\000n\000s\000t\000a\000l\000l\000a\000t\000i\000o\000n}{subsection.4.4}% 28
\BOOKMARK [3][-]{subsubsection.4.4.10}{\376\377\000D\000r\000o\000n\000e\000k\000i\000t}{subsection.4.4}% 29
\BOOKMARK [1][-]{section.5}{\376\377\000R\000e\000s\000u\000l\000t\000s}{}% 30
\BOOKMARK [1][-]{section.6}{\376\377\000D\000i\000s\000c\000u\000s\000s\000i\000o\000n\000\040\000a\000n\000d\000\040\000O\000u\000t\000l\000o\000o\000k}{}% 31
\BOOKMARK [1][-]{section.7}{\376\377\000C\000o\000n\000c\000l\000u\000s\000i\000o\000n}{}% 32
\BOOKMARK [1][-]{section.8}{\376\377\000R\000e\000f\000e\000r\000e\000n\000c\000e\000s}{}% 33
\BOOKMARK [1][-]{section*.11}{\376\377\000B\000i\000b\000l\000i\000o\000g\000r\000a\000p\000h\000y}{}% 34
\BOOKMARK [1][-]{section.9}{\376\377\000T\000a\000b\000l\000e\000\040\000o\000f\000\040\000F\000i\000g\000u\000r\000e\000s}{}% 35
